2012-12-29 13:19:49.237+0000: Thread[main,5,main] Starting BatchInserter(EmbeddedBatchInserter[graphDb])
2012-12-29 13:20:40.502+0000: Thread[main,5,main] Clean shutdown on BatchInserter(EmbeddedBatchInserter[graphDb])
2012-12-29 13:20:49.061+0000: Opened [/Users/mauget/Documents/workspace-railroutes-cmd/router/graphDb/nioneo_logical.log.1] clean empty log, version=0, lastTxId=1
2012-12-29 13:20:49.086+0000: TM new log: tm_tx_log.1
2012-12-29 13:20:49.109+0000: Opened [/Users/mauget/Documents/workspace-railroutes-cmd/router/graphDb/index/lucene.log.1] clean empty log, version=0, lastTxId=1
2012-12-29 13:20:49.111+0000: --- STARTUP diagnostics START ---
2012-12-29 13:20:49.112+0000: Neo4j Kernel properties:
    read_only=false
    neo4j.ext.udc.host=udc.neo4j.org
    logical_log=nioneo_logical.log
    intercept_committing_transactions=false
    node_auto_indexing=false
    relationship_cache_size=32489472
    cache_type=soft
    intercept_deserialized_transactions=false
    lucene_searcher_cache_size=2147483647
    neo4j.ext.udc.interval=86400000
    use_memory_mapped_buffers=true
    rebuild_idgenerators_fast=true
    neostore.propertystore.db.index.keys.mapped_memory=1M
    neostore.propertystore.db.arrays.mapped_memory=398M
    neostore.propertystore.db.strings.mapped_memory=351M
    gcr_cache_min_log_interval=60s
    relationship_auto_indexing=false
    relationship_grab_size=100
    node_cache_array_fraction=1.0
    allow_store_upgrade=false
    execution_guard_enabled=false
    relationship_cache_array_fraction=1.0
    store_dir=graphDb
    remote_logging_host=127.0.0.1
    online_backup_enabled=false
    remote_logging_port=4560
    gc_monitor_threshold=200ms
    load_kernel_extensions=true
    array_block_size=120
    neostore.relationshipstore.db.mapped_memory=506M
    keep_logical_logs=true
    dump_configuration=false
    gc_monitor_wait_time=100ms
    neostore.nodestore.db.mapped_memory=114M
    neo4j.ext.udc.first_delay=600000
    neo4j.ext.udc.reg=unreg
    ephemeral=false
    neo_store=neostore
    logging.threshold_for_rotation=104857600
    neostore.propertystore.db.index.mapped_memory=1M
    backup_slave=false
    neostore.propertystore.db.mapped_memory=413M
    string_block_size=120
    grab_file_lock=true
    remote_logging_enabled=false
    node_cache_size=32489472
    neo4j.ext.udc.enabled=true
    online_backup_port=6362
2012-12-29 13:20:49.116+0000: Diagnostics providers:
    org.neo4j.kernel.configuration.Config
    org.neo4j.kernel.info.DiagnosticsManager
    SYSTEM_MEMORY
    JAVA_MEMORY
    OPERATING_SYSTEM
    JAVA_VIRTUAL_MACHINE
    CLASSPATH
    LIBRARY_PATH
    SYSTEM_PROPERTIES
2012-12-29 13:20:49.117+0000: System memory information:
    Total Physical memory: 4.00 GB
    Free Physical memory: 184.73 MB
    Committed virtual memory: 2.72 GB
    Total swap space: 3.00 GB
    Free swap space: 332.29 MB
2012-12-29 13:20:49.125+0000: JVM memory information:
    Free  memory: 70.36 MB
    Total memory: 81.06 MB
    Max   memory: 123.94 MB
    Garbage Collector: ParNew: [Par Eden Space, Par Survivor Space]
    Garbage Collector: ConcurrentMarkSweep: [Par Eden Space, Par Survivor Space, CMS Old Gen, CMS Perm Gen]
    Memory Pool: Code Cache (Non-heap memory): committed=2.44 MB, used=580.63 kB, max=48.00 MB, threshold=0.00 B
    Memory Pool: Par Eden Space (Heap memory): committed=16.63 MB, used=9.78 MB, max=16.63 MB, threshold=?
    Memory Pool: Par Survivor Space (Heap memory): committed=2.06 MB, used=948.91 kB, max=2.06 MB, threshold=?
    Memory Pool: CMS Old Gen (Heap memory): committed=62.38 MB, used=0.00 B, max=105.25 MB, threshold=0.00 B
    Memory Pool: CMS Perm Gen (Non-heap memory): committed=20.75 MB, used=13.86 MB, max=82.00 MB, threshold=0.00 B
2012-12-29 13:20:49.132+0000: Operating system information:
    Operating System: Mac OS X; version: 10.8.2; arch: x86_64; cpus: 4
    Max number of file descriptors: 10240
    Number of open file descriptors: 79
    Process id: 61388@MacBook-Air.local
    Byte order: LITTLE_ENDIAN
2012-12-29 13:20:49.140+0000: JVM information:
    VM Name: Java HotSpot(TM) 64-Bit Server VM
    VM Vendor: Apple Inc.
    VM Version: 20.12-b01-434
    JIT compiler: HotSpot 64-Bit Tiered Compilers
    VM Arguments: [-Dfile.encoding=UTF-8]
2012-12-29 13:20:49.141+0000: Java classpath:
     [bootstrap] /System/Library/Java/JavaVirtualMachines/1.6.0.jdk/Contents/Classes/charsets.jar
     [bootstrap] /System/Library/Frameworks/JavaVM.framework/Versions/A/Frameworks/JavaRuntimeSupport.framework/Versions/A/Resources/Java/JavaRuntimeSupport.jar
     [classpath + loader.0] file:/Users/mauget/.m2/repository/org/neo4j/neo4j-udc/1.8.M05/neo4j-udc-1.8.M05.jar
     [loader.1] file:/System/Library/Java/Extensions/dns_sd.jar
     [classpath + loader.0] file:/Users/mauget/.m2/repository/org/apache/commons/commons-lang3/3.1/commons-lang3-3.1.jar
     [loader.1] file:/System/Library/Java/Extensions/MRJToolkit.jar
     [loader.1] file:/System/Library/Java/Extensions/vecmath.jar
     [classpath + loader.0] file:/Users/mauget/.m2/repository/aopalliance/aopalliance/1.0/aopalliance-1.0.jar
     [loader.1] file:/System/Library/Java/Extensions/libmlib_jai.jnilib
     [classpath + loader.0] file:/Users/mauget/.m2/repository/commons-lang/commons-lang/2.3/commons-lang-2.3.jar
     [classpath + loader.0] file:/Users/mauget/.m2/repository/org/neo4j/neo4j-cypher/1.8.M05/neo4j-cypher-1.8.M05.jar
     [loader.1] file:/System/Library/Java/JavaVirtualMachines/1.6.0.jdk/Contents/Home/lib/ext/dnsns.jar
     [classpath + loader.0] file:/Users/mauget/Documents/workspace-railroutes-cmd/router/target/classes/
     [bootstrap] /System/Library/Java/JavaVirtualMachines/1.6.0.jdk/Contents/Classes/laf.jar
     [classpath + loader.0] file:/Users/mauget/.m2/repository/org/springframework/spring-beans/3.1.2.RELEASE/spring-beans-3.1.2.RELEASE.jar
     [loader.1] file:/System/Library/Java/Extensions/libJ3D.jnilib
     [classpath + loader.0] file:/Users/mauget/.m2/repository/org/apache/lucene/lucene-core/3.5.0/lucene-core-3.5.0.jar
     [loader.1] file:/System/Library/Java/Extensions/mlibwrapper_jai.jar
     [bootstrap] /System/Library/Java/JavaVirtualMachines/1.6.0.jdk/Contents/Classes/classes.jar
     [loader.1] file:/System/Library/Java/JavaVirtualMachines/1.6.0.jdk/Contents/Home/lib/ext/localedata.jar
     [loader.1] file:/System/Library/Java/Extensions/QTJava.zip
     [classpath + loader.0] file:/Users/mauget/.m2/repository/org/neo4j/neo4j-graph-algo/1.8.M05/neo4j-graph-algo-1.8.M05.jar
     [bootstrap] /System/Library/Java/JavaVirtualMachines/1.6.0.jdk/Contents/Classes/ui.jar
     [loader.1] file:/System/Library/Java/Extensions/libAppleScriptEngine.jnilib
     [loader.1] file:/System/Library/Java/Extensions/libJ3DAudio.jnilib
     [loader.1] file:/System/Library/Java/Extensions/j3daudio.jar
     [loader.1] file:/System/Library/Java/Extensions/libJ3DUtils.jnilib
     [loader.1] file:/System/Library/Java/Extensions/libQTJNative.jnilib
     [loader.1] file:/System/Library/Java/Extensions/j3dcore.jar
     [classpath + loader.0] file:/Users/mauget/.m2/repository/log4j/log4j/1.2.17/log4j-1.2.17.jar
     [classpath + loader.0] file:/Users/mauget/.m2/repository/org/scala-lang/scala-library/2.9.1-1/scala-library-2.9.1-1.jar
     [classpath + loader.0] file:/Users/mauget/.m2/repository/org/json/json/20090211/json-20090211.jar
     [bootstrap] /System/Library/Java/JavaVirtualMachines/1.6.0.jdk/Contents/Classes/sunrsasign.jar
     [loader.1] file:/System/Library/Java/Extensions/j3dutils.jar
     [classpath + loader.0] file:/Users/mauget/.m2/repository/commons-logging/commons-logging/1.1.1/commons-logging-1.1.1.jar
     [classpath + loader.0] file:/Users/mauget/.m2/repository/org/springframework/spring-core/3.1.2.RELEASE/spring-core-3.1.2.RELEASE.jar
     [loader.1] file:/System/Library/Java/Extensions/jai_core.jar
     [classpath + loader.0] file:/Users/mauget/.m2/repository/org/neo4j/neo4j/1.8.M05/neo4j-1.8.M05.jar
     [loader.1] file:/System/Library/Java/Extensions/jai_codec.jar
     [classpath + loader.0] file:/Users/mauget/.m2/repository/org/neo4j/neo4j-graph-matching/1.8.M05/neo4j-graph-matching-1.8.M05.jar
     [classpath + loader.0] file:/Users/mauget/.m2/repository/org/springframework/spring-expression/3.1.2.RELEASE/spring-expression-3.1.2.RELEASE.jar
     [loader.1] file:/System/Library/Java/JavaVirtualMachines/1.6.0.jdk/Contents/Home/lib/ext/sunjce_provider.jar
     [classpath + loader.0] file:/Users/mauget/.m2/repository/org/springframework/spring-asm/3.1.2.RELEASE/spring-asm-3.1.2.RELEASE.jar
     [classpath + loader.0] file:/Users/mauget/.m2/repository/org/neo4j/neo4j-kernel/1.8.M05/neo4j-kernel-1.8.M05.jar
     [classpath + loader.0] file:/Users/mauget/.m2/repository/org/springframework/spring-aop/3.1.2.RELEASE/spring-aop-3.1.2.RELEASE.jar
     [classpath + loader.0] file:/Users/mauget/.m2/repository/com/ancientprogramming/fixedformat4j/fixedformat4j/1.2.2/fixedformat4j-1.2.2.jar
     [classpath + loader.0] file:/Users/mauget/.m2/repository/org/apache/geronimo/specs/geronimo-jta_1.1_spec/1.1.1/geronimo-jta_1.1_spec-1.1.1.jar
     [bootstrap] /System/Library/Java/JavaVirtualMachines/1.6.0.jdk/Contents/Home/lib/jce.jar
     [bootstrap] /System/Library/Java/JavaVirtualMachines/1.6.0.jdk/Contents/Classes/jsse.jar
     [classpath + loader.0] file:/Users/mauget/.m2/repository/org/neo4j/neo4j-lucene-index/1.8.M05/neo4j-lucene-index-1.8.M05.jar
     [classpath + loader.0] file:/Users/mauget/.m2/repository/org/springframework/spring-context/3.1.2.RELEASE/spring-context-3.1.2.RELEASE.jar
     [loader.1] file:/System/Library/Java/Extensions/AppleScriptEngine.jar
     [classpath + loader.0] file:/Users/mauget/.m2/repository/org/neo4j/neo4j-jmx/1.8.M05/neo4j-jmx-1.8.M05.jar
     [loader.1] file:/System/Library/Java/JavaVirtualMachines/1.6.0.jdk/Contents/Home/lib/ext/apple_provider.jar
     [bootstrap] /System/Library/Java/JavaVirtualMachines/1.6.0.jdk/Contents/Classes/jsfd.jar
     [loader.1] file:/System/Library/Java/JavaVirtualMachines/1.6.0.jdk/Contents/Home/lib/ext/sunpkcs11.jar
2012-12-29 13:20:49.143+0000: Library path:
    /Users/mauget/Documents/workspace-railroutes-cmd/router
    /Library/Java/Extensions
    /System/Library/Java/Extensions
    /usr/lib/java
2012-12-29 13:20:49.144+0000: System.properties:
    sun.boot.library.path = /System/Library/Java/JavaVirtualMachines/1.6.0.jdk/Contents/Libraries
    awt.nativeDoubleBuffering = true
    gopherProxySet = false
    mrj.build = 11M3909
    path.separator = :
    file.encoding.pkg = sun.io
    sun.java.launcher = SUN_STANDARD
    user.country = US
    sun.os.patch.level = unknown
    user.dir = /Users/mauget/Documents/workspace-railroutes-cmd/router
    sun.jnu.encoding = MacRoman
    sun.management.compiler = HotSpot 64-Bit Tiered Compilers
    http.nonProxyHosts = local|*.local|169.254/16|*.169.254/16
    user.home = /Users/mauget
    user.timezone = America/New_York
    file.encoding = UTF-8
    user.name = mauget
    sun.java.command = com.ramblerag.db.route.Command 2222 555
    sun.arch.data.model = 64
    user.language = en
    awt.toolkit = apple.awt.CToolkit
    file.separator = /
    sun.io.unicode.encoding = UnicodeLittle
    sun.cpu.endian = little
    mrj.version = 1070.1.6.0_37-434
    socksNonProxyHosts = local|*.local|169.254/16|*.169.254/16
    ftp.nonProxyHosts = local|*.local|169.254/16|*.169.254/16
    sun.cpu.isalist = 
2012-12-29 13:20:49.144+0000: --- STARTUP diagnostics END ---
2012-12-29 13:20:49.221+0000: Extension org.neo4j.kernel.KernelExtension[kernel jmx] loaded ok
2012-12-29 13:20:49.240+0000: Extension org.neo4j.kernel.KernelExtension[kernel udc] loaded ok
2012-12-29 13:20:49.244+0000: --- STARTUP diagnostics for KernelDiagnostics:Versions START ---
2012-12-29 13:20:49.245+0000: Graph Database: org.neo4j.kernel.EmbeddedGraphDatabase StoreId[time:1356787189150, id:8577378114209079907, store version: 13561656364791302]
2012-12-29 13:20:49.245+0000: Kernel version: Neo4j - Graph Database Kernel 1.8.M05
2012-12-29 13:20:49.245+0000: Neo4j component versions:
2012-12-29 13:20:49.246+0000:   Neo4j - Graph Database Kernel 1.8.M05
2012-12-29 13:20:49.246+0000: --- STARTUP diagnostics for KernelDiagnostics:Versions END ---
2012-12-29 13:20:49.249+0000: --- STARTUP diagnostics for NEO_STORE_VERSIONS START ---
2012-12-29 13:20:49.250+0000: Store versions:
    Store versions:
      NeoStore v0.A.0
      NodeStore v0.A.0
      RelationshipStore v0.A.0
      RelationshipTypeStore v0.A.0
      PropertyStore v0.A.0
      PropertyIndexStore v0.A.0
      StringPropertyStore v0.A.0
      ArrayPropertyStore v0.A.0
2012-12-29 13:20:49.250+0000: --- STARTUP diagnostics for NEO_STORE_VERSIONS END ---
2012-12-29 13:20:49.250+0000: --- STARTUP diagnostics for NEO_STORE_ID_USAGE START ---
2012-12-29 13:20:49.251+0000: Id usage:
    Id usage:
      NodeStore: used=133753 high=133752
      RelationshipStore: used=174428 high=174427
      RelationshipTypeStore: used=1 high=0
      PropertyStore: used=441932 high=441931
      PropertyIndexStore: used=7 high=6
      StringPropertyStore: used=1 high=0
      ArrayPropertyStore: used=1 high=0
2012-12-29 13:20:49.253+0000: --- STARTUP diagnostics for NEO_STORE_ID_USAGE END ---
2012-12-29 13:20:49.253+0000: --- STARTUP diagnostics for KernelDiagnostics:StoreFiles START ---
2012-12-29 13:20:49.253+0000: Storage files:
    active_tx_log: 11.00 B
    index:
      lucene:
        node:
          nodes:
            _2.fdt: 2.21 MB
            _2.fdx: 1.02 MB
            _2.fnm: 26.00 B
            _2.frq: 767.58 kB
            _2.nrm: 261.24 kB
            _2.prx: 261.23 kB
            _2.tii: 26.59 kB
            _2.tis: 1.79 MB
            segments.gen: 20.00 B
            segments_1: 269.00 B
          - Total: 6.30 MB
        - Total: 6.30 MB
      - Total: 6.30 MB
      lucene-store.db: 40.00 B
      lucene.log.1: 16.00 B
      lucene.log.active: 4.00 B
    - Total: 6.30 MB
    index.db: 103.00 B
    lock: 0.00 B
    messages.log: 12.85 kB
    neostore: 54.00 B
    neostore.id: 9.00 B
    neostore.nodestore.db: 1.15 MB
    neostore.nodestore.db.id: 9.00 B
    neostore.propertystore.db: 17.28 MB
    neostore.propertystore.db.arrays: 128.00 B
    neostore.propertystore.db.arrays.id: 9.00 B
    neostore.propertystore.db.id: 9.00 B
    neostore.propertystore.db.index: 1.02 kB
    neostore.propertystore.db.index.id: 9.00 B
    neostore.propertystore.db.index.keys: 1.00 kB
    neostore.propertystore.db.index.keys.id: 9.00 B
    neostore.propertystore.db.strings: 128.00 B
    neostore.propertystore.db.strings.id: 9.00 B
    neostore.relationshipstore.db: 5.49 MB
    neostore.relationshipstore.db.id: 9.00 B
    neostore.relationshiptypestore.db: 5.00 B
    neostore.relationshiptypestore.db.id: 9.00 B
    neostore.relationshiptypestore.db.names: 76.00 B
    neostore.relationshiptypestore.db.names.id: 9.00 B
    nioneo_logical.log.1: 16.00 B
    nioneo_logical.log.active: 4.00 B
    tm_tx_log.1: 0.00 B
2012-12-29 13:20:49.262+0000: --- STARTUP diagnostics for KernelDiagnostics:StoreFiles END ---
2012-12-29 13:20:49.265+0000: Started - database is now available
2012-12-29 13:20:49.265+0000: GC Monitor started. 
2012-12-29 13:20:49.816+0000: Stopping - database is now unavailable
2012-12-29 13:20:49.816+0000: TM shutting down
2012-12-29 13:20:49.822+0000: Closed log /Users/mauget/Documents/workspace-railroutes-cmd/router/graphDb/index/lucene.log
2012-12-29 13:20:49.826+0000: Closed log /Users/mauget/Documents/workspace-railroutes-cmd/router/graphDb/nioneo_logical.log
2012-12-29 13:20:49.835+0000: NeoStore closed
2012-12-29 13:20:49.835+0000: --- SHUTDOWN diagnostics START ---
2012-12-29 13:20:49.835+0000: --- SHUTDOWN diagnostics END ---
2012-12-29 13:44:21.547+0000: Opened [/Users/mauget/git/railroutes_cmd/router/graphDb/nioneo_logical.log.1] clean empty log, version=1, lastTxId=1
2012-12-29 13:44:21.568+0000: TM opening log: /Users/mauget/git/railroutes_cmd/router/graphDb/tm_tx_log.1
2012-12-29 13:44:21.590+0000: Opened [/Users/mauget/git/railroutes_cmd/router/graphDb/index/lucene.log.1] clean empty log, version=1, lastTxId=1
2012-12-29 13:44:21.593+0000: --- STARTUP diagnostics START ---
2012-12-29 13:44:21.594+0000: Neo4j Kernel properties:
    read_only=false
    neo4j.ext.udc.host=udc.neo4j.org
    logical_log=nioneo_logical.log
    intercept_committing_transactions=false
    node_auto_indexing=false
    relationship_cache_size=32489472
    cache_type=soft
    intercept_deserialized_transactions=false
    lucene_searcher_cache_size=2147483647
    neo4j.ext.udc.interval=86400000
    use_memory_mapped_buffers=true
    rebuild_idgenerators_fast=true
    neostore.propertystore.db.index.keys.mapped_memory=1M
    neostore.propertystore.db.arrays.mapped_memory=398M
    neostore.propertystore.db.strings.mapped_memory=351M
    gcr_cache_min_log_interval=60s
    relationship_auto_indexing=false
    relationship_grab_size=100
    node_cache_array_fraction=1.0
    allow_store_upgrade=false
    execution_guard_enabled=false
    relationship_cache_array_fraction=1.0
    store_dir=graphDb
    remote_logging_host=127.0.0.1
    online_backup_enabled=false
    remote_logging_port=4560
    gc_monitor_threshold=200ms
    load_kernel_extensions=true
    array_block_size=120
    neostore.relationshipstore.db.mapped_memory=506M
    keep_logical_logs=true
    dump_configuration=false
    gc_monitor_wait_time=100ms
    neostore.nodestore.db.mapped_memory=114M
    neo4j.ext.udc.first_delay=600000
    neo4j.ext.udc.reg=unreg
    ephemeral=false
    neo_store=neostore
    logging.threshold_for_rotation=104857600
    neostore.propertystore.db.index.mapped_memory=1M
    backup_slave=false
    neostore.propertystore.db.mapped_memory=413M
    string_block_size=120
    grab_file_lock=true
    remote_logging_enabled=false
    node_cache_size=32489472
    neo4j.ext.udc.enabled=true
    online_backup_port=6362
2012-12-29 13:44:21.597+0000: Diagnostics providers:
    org.neo4j.kernel.configuration.Config
    org.neo4j.kernel.info.DiagnosticsManager
    SYSTEM_MEMORY
    JAVA_MEMORY
    OPERATING_SYSTEM
    JAVA_VIRTUAL_MACHINE
    CLASSPATH
    LIBRARY_PATH
    SYSTEM_PROPERTIES
2012-12-29 13:44:21.598+0000: System memory information:
    Total Physical memory: 4.00 GB
    Free Physical memory: 60.78 MB
    Committed virtual memory: 2.72 GB
    Total swap space: 3.00 GB
    Free swap space: 333.17 MB
2012-12-29 13:44:21.605+0000: JVM memory information:
    Free  memory: 70.54 MB
    Total memory: 81.06 MB
    Max   memory: 123.94 MB
    Garbage Collector: ParNew: [Par Eden Space, Par Survivor Space]
    Garbage Collector: ConcurrentMarkSweep: [Par Eden Space, Par Survivor Space, CMS Old Gen, CMS Perm Gen]
    Memory Pool: Code Cache (Non-heap memory): committed=2.44 MB, used=583.81 kB, max=48.00 MB, threshold=0.00 B
    Memory Pool: Par Eden Space (Heap memory): committed=16.63 MB, used=9.57 MB, max=16.63 MB, threshold=?
    Memory Pool: Par Survivor Space (Heap memory): committed=2.06 MB, used=974.33 kB, max=2.06 MB, threshold=?
    Memory Pool: CMS Old Gen (Heap memory): committed=62.38 MB, used=0.00 B, max=105.25 MB, threshold=0.00 B
    Memory Pool: CMS Perm Gen (Non-heap memory): committed=20.75 MB, used=13.86 MB, max=82.00 MB, threshold=0.00 B
2012-12-29 13:44:21.611+0000: Operating system information:
    Operating System: Mac OS X; version: 10.8.2; arch: x86_64; cpus: 4
    Max number of file descriptors: 10240
    Number of open file descriptors: 79
    Process id: 61483@MacBook-Air.local
    Byte order: LITTLE_ENDIAN
2012-12-29 13:44:21.619+0000: JVM information:
    VM Name: Java HotSpot(TM) 64-Bit Server VM
    VM Vendor: Apple Inc.
    VM Version: 20.12-b01-434
    JIT compiler: HotSpot 64-Bit Tiered Compilers
    VM Arguments: [-Dfile.encoding=UTF-8]
2012-12-29 13:44:21.620+0000: Java classpath:
     [bootstrap] /System/Library/Java/JavaVirtualMachines/1.6.0.jdk/Contents/Classes/charsets.jar
     [bootstrap] /System/Library/Frameworks/JavaVM.framework/Versions/A/Frameworks/JavaRuntimeSupport.framework/Versions/A/Resources/Java/JavaRuntimeSupport.jar
     [classpath + loader.0] file:/Users/mauget/.m2/repository/org/neo4j/neo4j-udc/1.8.M05/neo4j-udc-1.8.M05.jar
     [loader.1] file:/System/Library/Java/Extensions/dns_sd.jar
     [classpath + loader.0] file:/Users/mauget/.m2/repository/org/apache/commons/commons-lang3/3.1/commons-lang3-3.1.jar
     [loader.1] file:/System/Library/Java/Extensions/MRJToolkit.jar
     [loader.1] file:/System/Library/Java/Extensions/vecmath.jar
     [classpath + loader.0] file:/Users/mauget/.m2/repository/aopalliance/aopalliance/1.0/aopalliance-1.0.jar
     [loader.1] file:/System/Library/Java/Extensions/libmlib_jai.jnilib
     [classpath + loader.0] file:/Users/mauget/.m2/repository/commons-lang/commons-lang/2.3/commons-lang-2.3.jar
     [classpath + loader.0] file:/Users/mauget/.m2/repository/org/neo4j/neo4j-cypher/1.8.M05/neo4j-cypher-1.8.M05.jar
     [loader.1] file:/System/Library/Java/JavaVirtualMachines/1.6.0.jdk/Contents/Home/lib/ext/dnsns.jar
     [bootstrap] /System/Library/Java/JavaVirtualMachines/1.6.0.jdk/Contents/Classes/laf.jar
     [classpath + loader.0] file:/Users/mauget/.m2/repository/org/springframework/spring-beans/3.1.2.RELEASE/spring-beans-3.1.2.RELEASE.jar
     [loader.1] file:/System/Library/Java/Extensions/libJ3D.jnilib
     [classpath + loader.0] file:/Users/mauget/.m2/repository/org/apache/lucene/lucene-core/3.5.0/lucene-core-3.5.0.jar
     [loader.1] file:/System/Library/Java/Extensions/mlibwrapper_jai.jar
     [bootstrap] /System/Library/Java/JavaVirtualMachines/1.6.0.jdk/Contents/Classes/classes.jar
     [loader.1] file:/System/Library/Java/JavaVirtualMachines/1.6.0.jdk/Contents/Home/lib/ext/localedata.jar
     [loader.1] file:/System/Library/Java/Extensions/QTJava.zip
     [classpath + loader.0] file:/Users/mauget/.m2/repository/org/neo4j/neo4j-graph-algo/1.8.M05/neo4j-graph-algo-1.8.M05.jar
     [bootstrap] /System/Library/Java/JavaVirtualMachines/1.6.0.jdk/Contents/Classes/ui.jar
     [loader.1] file:/System/Library/Java/Extensions/libAppleScriptEngine.jnilib
     [loader.1] file:/System/Library/Java/Extensions/libJ3DAudio.jnilib
     [loader.1] file:/System/Library/Java/Extensions/j3daudio.jar
     [loader.1] file:/System/Library/Java/Extensions/libJ3DUtils.jnilib
     [loader.1] file:/System/Library/Java/Extensions/libQTJNative.jnilib
     [loader.1] file:/System/Library/Java/Extensions/j3dcore.jar
     [classpath + loader.0] file:/Users/mauget/.m2/repository/log4j/log4j/1.2.17/log4j-1.2.17.jar
     [classpath + loader.0] file:/Users/mauget/.m2/repository/org/scala-lang/scala-library/2.9.1-1/scala-library-2.9.1-1.jar
     [classpath + loader.0] file:/Users/mauget/.m2/repository/org/json/json/20090211/json-20090211.jar
     [bootstrap] /System/Library/Java/JavaVirtualMachines/1.6.0.jdk/Contents/Classes/sunrsasign.jar
     [loader.1] file:/System/Library/Java/Extensions/j3dutils.jar
     [classpath + loader.0] file:/Users/mauget/.m2/repository/commons-logging/commons-logging/1.1.1/commons-logging-1.1.1.jar
     [classpath + loader.0] file:/Users/mauget/.m2/repository/org/springframework/spring-core/3.1.2.RELEASE/spring-core-3.1.2.RELEASE.jar
     [loader.1] file:/System/Library/Java/Extensions/jai_core.jar
     [classpath + loader.0] file:/Users/mauget/.m2/repository/org/neo4j/neo4j/1.8.M05/neo4j-1.8.M05.jar
     [loader.1] file:/System/Library/Java/Extensions/jai_codec.jar
     [classpath + loader.0] file:/Users/mauget/.m2/repository/org/neo4j/neo4j-graph-matching/1.8.M05/neo4j-graph-matching-1.8.M05.jar
     [classpath + loader.0] file:/Users/mauget/.m2/repository/org/springframework/spring-expression/3.1.2.RELEASE/spring-expression-3.1.2.RELEASE.jar
     [loader.1] file:/System/Library/Java/JavaVirtualMachines/1.6.0.jdk/Contents/Home/lib/ext/sunjce_provider.jar
     [classpath + loader.0] file:/Users/mauget/.m2/repository/org/springframework/spring-asm/3.1.2.RELEASE/spring-asm-3.1.2.RELEASE.jar
     [classpath + loader.0] file:/Users/mauget/.m2/repository/org/neo4j/neo4j-kernel/1.8.M05/neo4j-kernel-1.8.M05.jar
     [classpath + loader.0] file:/Users/mauget/.m2/repository/org/springframework/spring-aop/3.1.2.RELEASE/spring-aop-3.1.2.RELEASE.jar
     [classpath + loader.0] file:/Users/mauget/.m2/repository/com/ancientprogramming/fixedformat4j/fixedformat4j/1.2.2/fixedformat4j-1.2.2.jar
     [classpath + loader.0] file:/Users/mauget/.m2/repository/org/apache/geronimo/specs/geronimo-jta_1.1_spec/1.1.1/geronimo-jta_1.1_spec-1.1.1.jar
     [bootstrap] /System/Library/Java/JavaVirtualMachines/1.6.0.jdk/Contents/Home/lib/jce.jar
     [bootstrap] /System/Library/Java/JavaVirtualMachines/1.6.0.jdk/Contents/Classes/jsse.jar
     [classpath + loader.0] file:/Users/mauget/.m2/repository/org/neo4j/neo4j-lucene-index/1.8.M05/neo4j-lucene-index-1.8.M05.jar
     [classpath + loader.0] file:/Users/mauget/.m2/repository/org/springframework/spring-context/3.1.2.RELEASE/spring-context-3.1.2.RELEASE.jar
     [loader.1] file:/System/Library/Java/Extensions/AppleScriptEngine.jar
     [classpath + loader.0] file:/Users/mauget/.m2/repository/org/neo4j/neo4j-jmx/1.8.M05/neo4j-jmx-1.8.M05.jar
     [loader.1] file:/System/Library/Java/JavaVirtualMachines/1.6.0.jdk/Contents/Home/lib/ext/apple_provider.jar
     [bootstrap] /System/Library/Java/JavaVirtualMachines/1.6.0.jdk/Contents/Classes/jsfd.jar
     [loader.1] file:/System/Library/Java/JavaVirtualMachines/1.6.0.jdk/Contents/Home/lib/ext/sunpkcs11.jar
     [classpath + loader.0] file:/Users/mauget/git/railroutes_cmd/router/target/classes/
2012-12-29 13:44:21.623+0000: Library path:
    /Users/mauget/git/railroutes_cmd/router
    /Library/Java/Extensions
    /System/Library/Java/Extensions
    /usr/lib/java
2012-12-29 13:44:21.623+0000: System.properties:
    sun.boot.library.path = /System/Library/Java/JavaVirtualMachines/1.6.0.jdk/Contents/Libraries
    awt.nativeDoubleBuffering = true
    gopherProxySet = false
    mrj.build = 11M3909
    path.separator = :
    file.encoding.pkg = sun.io
    sun.java.launcher = SUN_STANDARD
    user.country = US
    sun.os.patch.level = unknown
    user.dir = /Users/mauget/git/railroutes_cmd/router
    sun.jnu.encoding = MacRoman
    sun.management.compiler = HotSpot 64-Bit Tiered Compilers
    http.nonProxyHosts = local|*.local|169.254/16|*.169.254/16
    user.home = /Users/mauget
    user.timezone = America/New_York
    file.encoding = UTF-8
    user.name = mauget
    sun.java.command = com.ramblerag.db.route.Command 2222 555
    sun.arch.data.model = 64
    user.language = en
    awt.toolkit = apple.awt.CToolkit
    file.separator = /
    sun.io.unicode.encoding = UnicodeLittle
    sun.cpu.endian = little
    mrj.version = 1070.1.6.0_37-434
    socksNonProxyHosts = local|*.local|169.254/16|*.169.254/16
    ftp.nonProxyHosts = local|*.local|169.254/16|*.169.254/16
    sun.cpu.isalist = 
2012-12-29 13:44:21.624+0000: --- STARTUP diagnostics END ---
2012-12-29 13:44:21.703+0000: Extension org.neo4j.kernel.KernelExtension[kernel jmx] loaded ok
2012-12-29 13:44:21.724+0000: Extension org.neo4j.kernel.KernelExtension[kernel udc] loaded ok
2012-12-29 13:44:21.727+0000: --- STARTUP diagnostics for KernelDiagnostics:Versions START ---
2012-12-29 13:44:21.727+0000: Graph Database: org.neo4j.kernel.EmbeddedGraphDatabase StoreId[time:1356787189150, id:8577378114209079907, store version: 13561656364791302]
2012-12-29 13:44:21.727+0000: Kernel version: Neo4j - Graph Database Kernel 1.8.M05
2012-12-29 13:44:21.727+0000: Neo4j component versions:
2012-12-29 13:44:21.728+0000:   Neo4j - Graph Database Kernel 1.8.M05
2012-12-29 13:44:21.728+0000: --- STARTUP diagnostics for KernelDiagnostics:Versions END ---
2012-12-29 13:44:21.730+0000: --- STARTUP diagnostics for NEO_STORE_VERSIONS START ---
2012-12-29 13:44:21.730+0000: Store versions:
    Store versions:
      NeoStore v0.A.0
      NodeStore v0.A.0
      RelationshipStore v0.A.0
      RelationshipTypeStore v0.A.0
      PropertyStore v0.A.0
      PropertyIndexStore v0.A.0
      StringPropertyStore v0.A.0
      ArrayPropertyStore v0.A.0
2012-12-29 13:44:21.731+0000: --- STARTUP diagnostics for NEO_STORE_VERSIONS END ---
2012-12-29 13:44:21.731+0000: --- STARTUP diagnostics for NEO_STORE_ID_USAGE START ---
2012-12-29 13:44:21.731+0000: Id usage:
    Id usage:
      NodeStore: used=133753 high=133752
      RelationshipStore: used=174428 high=174427
      RelationshipTypeStore: used=1 high=0
      PropertyStore: used=441932 high=441931
      PropertyIndexStore: used=7 high=6
      StringPropertyStore: used=1 high=0
      ArrayPropertyStore: used=1 high=0
2012-12-29 13:44:21.732+0000: --- STARTUP diagnostics for NEO_STORE_ID_USAGE END ---
2012-12-29 13:44:21.732+0000: --- STARTUP diagnostics for KernelDiagnostics:StoreFiles START ---
2012-12-29 13:44:21.732+0000: Storage files:
    active_tx_log: 11.00 B
    index:
      lucene:
        node:
          nodes:
            _2.fdt: 2.21 MB
            _2.fdx: 1.02 MB
            _2.fnm: 26.00 B
            _2.frq: 767.58 kB
            _2.nrm: 261.24 kB
            _2.prx: 261.23 kB
            _2.tii: 26.59 kB
            _2.tis: 1.79 MB
            segments.gen: 20.00 B
            segments_1: 269.00 B
          - Total: 6.30 MB
        - Total: 6.30 MB
      - Total: 6.30 MB
      lucene-store.db: 40.00 B
      lucene.log.1: 16.00 B
      lucene.log.active: 4.00 B
      lucene.log.v0: 16.00 B
    - Total: 6.30 MB
    index.db: 103.00 B
    lock: 0.00 B
    messages.log: 27.98 kB
    neostore: 54.00 B
    neostore.id: 9.00 B
    neostore.nodestore.db: 1.15 MB
    neostore.nodestore.db.id: 9.00 B
    neostore.propertystore.db: 17.28 MB
    neostore.propertystore.db.arrays: 128.00 B
    neostore.propertystore.db.arrays.id: 9.00 B
    neostore.propertystore.db.id: 9.00 B
    neostore.propertystore.db.index: 1.02 kB
    neostore.propertystore.db.index.id: 9.00 B
    neostore.propertystore.db.index.keys: 1.00 kB
    neostore.propertystore.db.index.keys.id: 9.00 B
    neostore.propertystore.db.strings: 128.00 B
    neostore.propertystore.db.strings.id: 9.00 B
    neostore.relationshipstore.db: 5.49 MB
    neostore.relationshipstore.db.id: 9.00 B
    neostore.relationshiptypestore.db: 5.00 B
    neostore.relationshiptypestore.db.id: 9.00 B
    neostore.relationshiptypestore.db.names: 76.00 B
    neostore.relationshiptypestore.db.names.id: 9.00 B
    nioneo_logical.log.1: 16.00 B
    nioneo_logical.log.active: 4.00 B
    nioneo_logical.log.v0: 16.00 B
    tm_tx_log.1: 0.00 B
2012-12-29 13:44:21.741+0000: --- STARTUP diagnostics for KernelDiagnostics:StoreFiles END ---
2012-12-29 13:44:21.744+0000: Started - database is now available
2012-12-29 13:44:21.744+0000: GC Monitor started. 
2012-12-29 13:44:22.309+0000: Stopping - database is now unavailable
2012-12-29 13:44:22.309+0000: TM shutting down
2012-12-29 13:44:22.315+0000: Closed log /Users/mauget/git/railroutes_cmd/router/graphDb/index/lucene.log
2012-12-29 13:44:22.318+0000: Closed log /Users/mauget/git/railroutes_cmd/router/graphDb/nioneo_logical.log
2012-12-29 13:44:22.327+0000: NeoStore closed
2012-12-29 13:44:22.327+0000: --- SHUTDOWN diagnostics START ---
2012-12-29 13:44:22.327+0000: --- SHUTDOWN diagnostics END ---
2012-12-29 19:09:18.949+0000: Opened [/Users/mauget/git/railroutes_cmd/router/graphDb/nioneo_logical.log.1] clean empty log, version=2, lastTxId=1
2012-12-29 19:09:18.974+0000: TM opening log: /Users/mauget/git/railroutes_cmd/router/graphDb/tm_tx_log.1
2012-12-29 19:09:19.010+0000: Opened [/Users/mauget/git/railroutes_cmd/router/graphDb/index/lucene.log.1] clean empty log, version=2, lastTxId=1
2012-12-29 19:09:19.016+0000: --- STARTUP diagnostics START ---
2012-12-29 19:09:19.017+0000: Neo4j Kernel properties:
    read_only=false
    neo4j.ext.udc.host=udc.neo4j.org
    logical_log=nioneo_logical.log
    intercept_committing_transactions=false
    node_auto_indexing=false
    relationship_cache_size=32489472
    cache_type=soft
    intercept_deserialized_transactions=false
    lucene_searcher_cache_size=2147483647
    neo4j.ext.udc.interval=86400000
    use_memory_mapped_buffers=true
    rebuild_idgenerators_fast=true
    neostore.propertystore.db.index.keys.mapped_memory=1M
    neostore.propertystore.db.arrays.mapped_memory=398M
    neostore.propertystore.db.strings.mapped_memory=351M
    gcr_cache_min_log_interval=60s
    relationship_auto_indexing=false
    relationship_grab_size=100
    node_cache_array_fraction=1.0
    allow_store_upgrade=false
    execution_guard_enabled=false
    relationship_cache_array_fraction=1.0
    store_dir=graphDb
    remote_logging_host=127.0.0.1
    online_backup_enabled=false
    remote_logging_port=4560
    gc_monitor_threshold=200ms
    load_kernel_extensions=true
    array_block_size=120
    neostore.relationshipstore.db.mapped_memory=506M
    keep_logical_logs=true
    dump_configuration=false
    gc_monitor_wait_time=100ms
    neostore.nodestore.db.mapped_memory=114M
    neo4j.ext.udc.first_delay=600000
    neo4j.ext.udc.reg=unreg
    ephemeral=false
    neo_store=neostore
    logging.threshold_for_rotation=104857600
    neostore.propertystore.db.index.mapped_memory=1M
    backup_slave=false
    neostore.propertystore.db.mapped_memory=413M
    string_block_size=120
    grab_file_lock=true
    remote_logging_enabled=false
    node_cache_size=32489472
    neo4j.ext.udc.enabled=true
    online_backup_port=6362
2012-12-29 19:09:19.022+0000: Diagnostics providers:
    org.neo4j.kernel.configuration.Config
    org.neo4j.kernel.info.DiagnosticsManager
    SYSTEM_MEMORY
    JAVA_MEMORY
    OPERATING_SYSTEM
    JAVA_VIRTUAL_MACHINE
    CLASSPATH
    LIBRARY_PATH
    SYSTEM_PROPERTIES
2012-12-29 19:09:19.023+0000: System memory information:
    Total Physical memory: 4.00 GB
    Free Physical memory: 505.47 MB
    Committed virtual memory: 2.72 GB
    Total swap space: 4.00 GB
    Free swap space: 1.10 GB
2012-12-29 19:09:19.029+0000: JVM memory information:
    Free  memory: 70.53 MB
    Total memory: 81.06 MB
    Max   memory: 123.94 MB
    Garbage Collector: ParNew: [Par Eden Space, Par Survivor Space]
    Garbage Collector: ConcurrentMarkSweep: [Par Eden Space, Par Survivor Space, CMS Old Gen, CMS Perm Gen]
    Memory Pool: Code Cache (Non-heap memory): committed=2.44 MB, used=582.56 kB, max=48.00 MB, threshold=0.00 B
    Memory Pool: Par Eden Space (Heap memory): committed=16.63 MB, used=9.58 MB, max=16.63 MB, threshold=?
    Memory Pool: Par Survivor Space (Heap memory): committed=2.06 MB, used=972.84 kB, max=2.06 MB, threshold=?
    Memory Pool: CMS Old Gen (Heap memory): committed=62.38 MB, used=0.00 B, max=105.25 MB, threshold=0.00 B
    Memory Pool: CMS Perm Gen (Non-heap memory): committed=20.75 MB, used=13.86 MB, max=82.00 MB, threshold=0.00 B
2012-12-29 19:09:19.039+0000: Operating system information:
    Operating System: Mac OS X; version: 10.8.2; arch: x86_64; cpus: 4
    Max number of file descriptors: 10240
    Number of open file descriptors: 79
    Process id: 62768@MacBook-Air.local
    Byte order: LITTLE_ENDIAN
2012-12-29 19:09:19.048+0000: JVM information:
    VM Name: Java HotSpot(TM) 64-Bit Server VM
    VM Vendor: Apple Inc.
    VM Version: 20.12-b01-434
    JIT compiler: HotSpot 64-Bit Tiered Compilers
    VM Arguments: [-Dfile.encoding=UTF-8]
2012-12-29 19:09:19.049+0000: Java classpath:
     [bootstrap] /System/Library/Java/JavaVirtualMachines/1.6.0.jdk/Contents/Classes/charsets.jar
     [bootstrap] /System/Library/Frameworks/JavaVM.framework/Versions/A/Frameworks/JavaRuntimeSupport.framework/Versions/A/Resources/Java/JavaRuntimeSupport.jar
     [classpath + loader.0] file:/Users/mauget/.m2/repository/org/neo4j/neo4j-udc/1.8.M05/neo4j-udc-1.8.M05.jar
     [loader.1] file:/System/Library/Java/Extensions/dns_sd.jar
     [classpath + loader.0] file:/Users/mauget/.m2/repository/org/apache/commons/commons-lang3/3.1/commons-lang3-3.1.jar
     [loader.1] file:/System/Library/Java/Extensions/MRJToolkit.jar
     [loader.1] file:/System/Library/Java/Extensions/vecmath.jar
     [classpath + loader.0] file:/Users/mauget/.m2/repository/aopalliance/aopalliance/1.0/aopalliance-1.0.jar
     [loader.1] file:/System/Library/Java/Extensions/libmlib_jai.jnilib
     [classpath + loader.0] file:/Users/mauget/.m2/repository/commons-lang/commons-lang/2.3/commons-lang-2.3.jar
     [classpath + loader.0] file:/Users/mauget/.m2/repository/org/neo4j/neo4j-cypher/1.8.M05/neo4j-cypher-1.8.M05.jar
     [loader.1] file:/System/Library/Java/JavaVirtualMachines/1.6.0.jdk/Contents/Home/lib/ext/dnsns.jar
     [bootstrap] /System/Library/Java/JavaVirtualMachines/1.6.0.jdk/Contents/Classes/laf.jar
     [classpath + loader.0] file:/Users/mauget/.m2/repository/org/springframework/spring-beans/3.1.2.RELEASE/spring-beans-3.1.2.RELEASE.jar
     [loader.1] file:/System/Library/Java/Extensions/libJ3D.jnilib
     [classpath + loader.0] file:/Users/mauget/.m2/repository/org/apache/lucene/lucene-core/3.5.0/lucene-core-3.5.0.jar
     [loader.1] file:/System/Library/Java/Extensions/mlibwrapper_jai.jar
     [bootstrap] /System/Library/Java/JavaVirtualMachines/1.6.0.jdk/Contents/Classes/classes.jar
     [loader.1] file:/System/Library/Java/JavaVirtualMachines/1.6.0.jdk/Contents/Home/lib/ext/localedata.jar
     [loader.1] file:/System/Library/Java/Extensions/QTJava.zip
     [classpath + loader.0] file:/Users/mauget/.m2/repository/org/neo4j/neo4j-graph-algo/1.8.M05/neo4j-graph-algo-1.8.M05.jar
     [bootstrap] /System/Library/Java/JavaVirtualMachines/1.6.0.jdk/Contents/Classes/ui.jar
     [loader.1] file:/System/Library/Java/Extensions/libAppleScriptEngine.jnilib
     [loader.1] file:/System/Library/Java/Extensions/libJ3DAudio.jnilib
     [loader.1] file:/System/Library/Java/Extensions/j3daudio.jar
     [loader.1] file:/System/Library/Java/Extensions/libJ3DUtils.jnilib
     [loader.1] file:/System/Library/Java/Extensions/libQTJNative.jnilib
     [loader.1] file:/System/Library/Java/Extensions/j3dcore.jar
     [classpath + loader.0] file:/Users/mauget/.m2/repository/log4j/log4j/1.2.17/log4j-1.2.17.jar
     [classpath + loader.0] file:/Users/mauget/.m2/repository/org/scala-lang/scala-library/2.9.1-1/scala-library-2.9.1-1.jar
     [classpath + loader.0] file:/Users/mauget/.m2/repository/org/json/json/20090211/json-20090211.jar
     [bootstrap] /System/Library/Java/JavaVirtualMachines/1.6.0.jdk/Contents/Classes/sunrsasign.jar
     [loader.1] file:/System/Library/Java/Extensions/j3dutils.jar
     [classpath + loader.0] file:/Users/mauget/.m2/repository/commons-logging/commons-logging/1.1.1/commons-logging-1.1.1.jar
     [classpath + loader.0] file:/Users/mauget/.m2/repository/org/springframework/spring-core/3.1.2.RELEASE/spring-core-3.1.2.RELEASE.jar
     [loader.1] file:/System/Library/Java/Extensions/jai_core.jar
     [classpath + loader.0] file:/Users/mauget/.m2/repository/org/neo4j/neo4j/1.8.M05/neo4j-1.8.M05.jar
     [loader.1] file:/System/Library/Java/Extensions/jai_codec.jar
     [classpath + loader.0] file:/Users/mauget/.m2/repository/org/neo4j/neo4j-graph-matching/1.8.M05/neo4j-graph-matching-1.8.M05.jar
     [classpath + loader.0] file:/Users/mauget/.m2/repository/org/springframework/spring-expression/3.1.2.RELEASE/spring-expression-3.1.2.RELEASE.jar
     [loader.1] file:/System/Library/Java/JavaVirtualMachines/1.6.0.jdk/Contents/Home/lib/ext/sunjce_provider.jar
     [classpath + loader.0] file:/Users/mauget/.m2/repository/org/springframework/spring-asm/3.1.2.RELEASE/spring-asm-3.1.2.RELEASE.jar
     [classpath + loader.0] file:/Users/mauget/.m2/repository/org/neo4j/neo4j-kernel/1.8.M05/neo4j-kernel-1.8.M05.jar
     [classpath + loader.0] file:/Users/mauget/.m2/repository/org/springframework/spring-aop/3.1.2.RELEASE/spring-aop-3.1.2.RELEASE.jar
     [classpath + loader.0] file:/Users/mauget/.m2/repository/com/ancientprogramming/fixedformat4j/fixedformat4j/1.2.2/fixedformat4j-1.2.2.jar
     [classpath + loader.0] file:/Users/mauget/.m2/repository/org/apache/geronimo/specs/geronimo-jta_1.1_spec/1.1.1/geronimo-jta_1.1_spec-1.1.1.jar
     [bootstrap] /System/Library/Java/JavaVirtualMachines/1.6.0.jdk/Contents/Home/lib/jce.jar
     [bootstrap] /System/Library/Java/JavaVirtualMachines/1.6.0.jdk/Contents/Classes/jsse.jar
     [classpath + loader.0] file:/Users/mauget/.m2/repository/org/neo4j/neo4j-lucene-index/1.8.M05/neo4j-lucene-index-1.8.M05.jar
     [classpath + loader.0] file:/Users/mauget/.m2/repository/org/springframework/spring-context/3.1.2.RELEASE/spring-context-3.1.2.RELEASE.jar
     [loader.1] file:/System/Library/Java/Extensions/AppleScriptEngine.jar
     [classpath + loader.0] file:/Users/mauget/.m2/repository/org/neo4j/neo4j-jmx/1.8.M05/neo4j-jmx-1.8.M05.jar
     [loader.1] file:/System/Library/Java/JavaVirtualMachines/1.6.0.jdk/Contents/Home/lib/ext/apple_provider.jar
     [bootstrap] /System/Library/Java/JavaVirtualMachines/1.6.0.jdk/Contents/Classes/jsfd.jar
     [loader.1] file:/System/Library/Java/JavaVirtualMachines/1.6.0.jdk/Contents/Home/lib/ext/sunpkcs11.jar
     [classpath + loader.0] file:/Users/mauget/git/railroutes_cmd/router/target/classes/
2012-12-29 19:09:19.053+0000: Library path:
    /Users/mauget/git/railroutes_cmd/router
    /Library/Java/Extensions
    /System/Library/Java/Extensions
    /usr/lib/java
2012-12-29 19:09:19.053+0000: System.properties:
    sun.boot.library.path = /System/Library/Java/JavaVirtualMachines/1.6.0.jdk/Contents/Libraries
    awt.nativeDoubleBuffering = true
    gopherProxySet = false
    mrj.build = 11M3909
    path.separator = :
    file.encoding.pkg = sun.io
    sun.java.launcher = SUN_STANDARD
    user.country = US
    sun.os.patch.level = unknown
    user.dir = /Users/mauget/git/railroutes_cmd/router
    sun.jnu.encoding = MacRoman
    sun.management.compiler = HotSpot 64-Bit Tiered Compilers
    http.nonProxyHosts = local|*.local|169.254/16|*.169.254/16
    user.home = /Users/mauget
    user.timezone = America/New_York
    file.encoding = UTF-8
    user.name = mauget
    sun.java.command = com.ramblerag.db.route.Command 2222 1555
    sun.arch.data.model = 64
    user.language = en
    awt.toolkit = apple.awt.CToolkit
    file.separator = /
    sun.io.unicode.encoding = UnicodeLittle
    sun.cpu.endian = little
    mrj.version = 1070.1.6.0_37-434
    socksNonProxyHosts = local|*.local|169.254/16|*.169.254/16
    ftp.nonProxyHosts = local|*.local|169.254/16|*.169.254/16
    sun.cpu.isalist = 
2012-12-29 19:09:19.054+0000: --- STARTUP diagnostics END ---
2012-12-29 19:09:19.173+0000: Extension org.neo4j.kernel.KernelExtension[kernel jmx] loaded ok
2012-12-29 19:09:19.200+0000: Extension org.neo4j.kernel.KernelExtension[kernel udc] loaded ok
2012-12-29 19:09:19.204+0000: --- STARTUP diagnostics for KernelDiagnostics:Versions START ---
2012-12-29 19:09:19.204+0000: Graph Database: org.neo4j.kernel.EmbeddedGraphDatabase StoreId[time:1356787189150, id:8577378114209079907, store version: 13561656364791302]
2012-12-29 19:09:19.205+0000: Kernel version: Neo4j - Graph Database Kernel 1.8.M05
2012-12-29 19:09:19.205+0000: Neo4j component versions:
2012-12-29 19:09:19.206+0000:   Neo4j - Graph Database Kernel 1.8.M05
2012-12-29 19:09:19.206+0000: --- STARTUP diagnostics for KernelDiagnostics:Versions END ---
2012-12-29 19:09:19.208+0000: --- STARTUP diagnostics for NEO_STORE_VERSIONS START ---
2012-12-29 19:09:19.209+0000: Store versions:
    Store versions:
      NeoStore v0.A.0
      NodeStore v0.A.0
      RelationshipStore v0.A.0
      RelationshipTypeStore v0.A.0
      PropertyStore v0.A.0
      PropertyIndexStore v0.A.0
      StringPropertyStore v0.A.0
      ArrayPropertyStore v0.A.0
2012-12-29 19:09:19.209+0000: --- STARTUP diagnostics for NEO_STORE_VERSIONS END ---
2012-12-29 19:09:19.210+0000: --- STARTUP diagnostics for NEO_STORE_ID_USAGE START ---
2012-12-29 19:09:19.210+0000: Id usage:
    Id usage:
      NodeStore: used=133753 high=133752
      RelationshipStore: used=174428 high=174427
      RelationshipTypeStore: used=1 high=0
      PropertyStore: used=441932 high=441931
      PropertyIndexStore: used=7 high=6
      StringPropertyStore: used=1 high=0
      ArrayPropertyStore: used=1 high=0
2012-12-29 19:09:19.211+0000: --- STARTUP diagnostics for NEO_STORE_ID_USAGE END ---
2012-12-29 19:09:19.211+0000: --- STARTUP diagnostics for KernelDiagnostics:StoreFiles START ---
2012-12-29 19:09:19.211+0000: Storage files:
    active_tx_log: 11.00 B
    index:
      lucene:
        node:
          nodes:
            _2.fdt: 2.21 MB
            _2.fdx: 1.02 MB
            _2.fnm: 26.00 B
            _2.frq: 767.58 kB
            _2.nrm: 261.24 kB
            _2.prx: 261.23 kB
            _2.tii: 26.59 kB
            _2.tis: 1.79 MB
            segments.gen: 20.00 B
            segments_1: 269.00 B
          - Total: 6.30 MB
        - Total: 6.30 MB
      - Total: 6.30 MB
      lucene-store.db: 40.00 B
      lucene.log.1: 16.00 B
      lucene.log.active: 4.00 B
      lucene.log.v0: 16.00 B
      lucene.log.v1: 16.00 B
    - Total: 6.30 MB
    index.db: 103.00 B
    lock: 0.00 B
    messages.log: 43.14 kB
    neostore: 54.00 B
    neostore.id: 9.00 B
    neostore.nodestore.db: 1.15 MB
    neostore.nodestore.db.id: 9.00 B
    neostore.propertystore.db: 17.28 MB
    neostore.propertystore.db.arrays: 128.00 B
    neostore.propertystore.db.arrays.id: 9.00 B
    neostore.propertystore.db.id: 9.00 B
    neostore.propertystore.db.index: 1.02 kB
    neostore.propertystore.db.index.id: 9.00 B
    neostore.propertystore.db.index.keys: 1.00 kB
    neostore.propertystore.db.index.keys.id: 9.00 B
    neostore.propertystore.db.strings: 128.00 B
    neostore.propertystore.db.strings.id: 9.00 B
    neostore.relationshipstore.db: 5.49 MB
    neostore.relationshipstore.db.id: 9.00 B
    neostore.relationshiptypestore.db: 5.00 B
    neostore.relationshiptypestore.db.id: 9.00 B
    neostore.relationshiptypestore.db.names: 76.00 B
    neostore.relationshiptypestore.db.names.id: 9.00 B
    nioneo_logical.log.1: 16.00 B
    nioneo_logical.log.active: 4.00 B
    nioneo_logical.log.v0: 16.00 B
    nioneo_logical.log.v1: 16.00 B
    tm_tx_log.1: 0.00 B
2012-12-29 19:09:19.221+0000: --- STARTUP diagnostics for KernelDiagnostics:StoreFiles END ---
2012-12-29 19:09:19.223+0000: Started - database is now available
2012-12-29 19:09:19.223+0000: GC Monitor started. 
2012-12-29 19:09:20.656+0000: Stopping - database is now unavailable
2012-12-29 19:09:20.657+0000: TM shutting down
2012-12-29 19:09:20.670+0000: Closed log /Users/mauget/git/railroutes_cmd/router/graphDb/index/lucene.log
2012-12-29 19:09:20.684+0000: Closed log /Users/mauget/git/railroutes_cmd/router/graphDb/nioneo_logical.log
2012-12-29 19:09:20.694+0000: NeoStore closed
2012-12-29 19:09:20.694+0000: --- SHUTDOWN diagnostics START ---
2012-12-29 19:09:20.694+0000: --- SHUTDOWN diagnostics END ---
